2023-07-27 17:28:41,667 - INFO - Data collected and inserted for AAPL
2023-07-27 17:28:42,366 - INFO - Data collected and inserted for GOOG
2023-07-27 17:28:42,896 - INFO - Data collected and inserted for AMZN
2023-07-27 17:28:43,288 - INFO - Data collected and inserted for AAPL
2023-07-27 17:28:43,627 - INFO - Data collected and inserted for GOOG
2023-07-27 17:28:44,036 - INFO - Data collected and inserted for AMZN
2023-07-27 17:29:44,482 - INFO - Data collected and inserted for AAPL
2023-07-27 17:29:44,829 - INFO - Data collected and inserted for GOOG
2023-07-27 17:29:45,251 - INFO - Data collected and inserted for AMZN
2023-07-27 17:33:17,305 - INFO - Data collected and inserted for AAPL
2023-07-27 17:33:17,700 - INFO - Data collected and inserted for GOOG
2023-07-27 17:33:18,018 - INFO - Data collected and inserted for AMZN
2023-07-27 17:33:18,394 - INFO - Data collected and inserted for AAPL
2023-07-27 17:33:18,741 - INFO - Data collected and inserted for GOOG
2023-07-27 17:33:19,058 - INFO - Data collected and inserted for AMZN
2023-07-27 17:33:32,895 - INFO - Data collected and inserted for AAPL
2023-07-27 17:33:33,274 - INFO - Data collected and inserted for GOOG
2023-07-27 17:33:33,637 - INFO - Data collected and inserted for AMZN
2023-07-27 17:33:34,029 - INFO - Data collected and inserted for AAPL
2023-07-27 17:33:34,406 - INFO - Data collected and inserted for GOOG
2023-07-27 17:33:34,754 - INFO - Data collected and inserted for AMZN
2023-07-27 17:33:41,631 - INFO - Using categorical units to plot a list of strings that are all parsable as floats or dates. If these strings should be plotted as numbers, cast to the appropriate data type before plotting.
2023-07-27 17:33:41,632 - INFO - Using categorical units to plot a list of strings that are all parsable as floats or dates. If these strings should be plotted as numbers, cast to the appropriate data type before plotting.
2023-07-27 17:33:41,633 - INFO - Using categorical units to plot a list of strings that are all parsable as floats or dates. If these strings should be plotted as numbers, cast to the appropriate data type before plotting.
2023-07-27 17:33:41,634 - INFO - Using categorical units to plot a list of strings that are all parsable as floats or dates. If these strings should be plotted as numbers, cast to the appropriate data type before plotting.
2023-07-27 17:33:49,388 - INFO - Using categorical units to plot a list of strings that are all parsable as floats or dates. If these strings should be plotted as numbers, cast to the appropriate data type before plotting.
2023-07-27 17:33:49,389 - INFO - Using categorical units to plot a list of strings that are all parsable as floats or dates. If these strings should be plotted as numbers, cast to the appropriate data type before plotting.
2023-07-27 17:34:02,947 - INFO - Using categorical units to plot a list of strings that are all parsable as floats or dates. If these strings should be plotted as numbers, cast to the appropriate data type before plotting.
2023-07-27 17:34:02,948 - INFO - Using categorical units to plot a list of strings that are all parsable as floats or dates. If these strings should be plotted as numbers, cast to the appropriate data type before plotting.
2023-07-27 17:34:19,380 - INFO - Data collected and inserted for AAPL
2023-07-27 17:34:19,730 - INFO - Data collected and inserted for GOOG
2023-07-27 17:34:20,062 - INFO - Data collected and inserted for AMZN
2023-07-27 17:34:20,501 - INFO - Data collected and inserted for AAPL
2023-07-27 17:34:20,817 - INFO - Data collected and inserted for GOOG
2023-07-27 17:34:21,149 - INFO - Data collected and inserted for AMZN
2023-07-27 17:35:01,573 - INFO - Data collected and inserted for AAPL
2023-07-27 17:35:02,041 - INFO - Data collected and inserted for GOOG
2023-07-27 17:35:02,389 - INFO - Data collected and inserted for AMZN
2023-07-27 17:35:02,780 - INFO - Data collected and inserted for AAPL
2023-07-27 17:35:03,203 - INFO - Data collected and inserted for GOOG
2023-07-27 17:35:03,517 - INFO - Data collected and inserted for AMZN
2023-07-27 17:35:07,301 - INFO - Using categorical units to plot a list of strings that are all parsable as floats or dates. If these strings should be plotted as numbers, cast to the appropriate data type before plotting.
2023-07-27 17:35:07,302 - INFO - Using categorical units to plot a list of strings that are all parsable as floats or dates. If these strings should be plotted as numbers, cast to the appropriate data type before plotting.
2023-07-27 17:45:07,565 - INFO - Data collected and inserted for AAPL
2023-07-27 17:45:07,940 - INFO - Data collected and inserted for GOOG
2023-07-27 17:45:08,627 - INFO - Data collected and inserted for AMZN
2023-07-27 17:45:09,728 - INFO - Data collected and inserted for AAPL
2023-07-27 17:45:10,545 - INFO - Data collected and inserted for GOOG
2023-07-27 17:45:11,256 - INFO - Data collected and inserted for AMZN
2023-07-27 17:45:11,257 - INFO - Data update completed
2023-07-27 17:45:14,659 - INFO - Data collected and inserted for AAPL
2023-07-27 17:45:15,037 - INFO - Data collected and inserted for GOOG
2023-07-27 17:45:15,416 - INFO - Data collected and inserted for AMZN
2023-07-27 17:45:15,416 - INFO - Data update completed
2023-07-27 17:45:20,819 - INFO - Data collected and inserted for AAPL
2023-07-27 17:45:21,168 - INFO - Data collected and inserted for GOOG
2023-07-27 17:45:21,503 - INFO - Data collected and inserted for AMZN
2023-07-27 17:45:21,503 - INFO - Data update completed
2023-07-27 17:45:26,949 - INFO - Data collected and inserted for AAPL
2023-07-27 17:45:27,329 - INFO - Data collected and inserted for GOOG
2023-07-27 17:45:27,632 - INFO - Data collected and inserted for AMZN
2023-07-27 17:45:27,632 - INFO - Data update completed
2023-07-27 17:45:32,097 - INFO - Data collected and inserted for AAPL
2023-07-27 17:45:32,368 - INFO - Data collected and inserted for GOOG
2023-07-27 17:45:32,688 - INFO - Data collected and inserted for AMZN
2023-07-27 17:45:32,688 - INFO - Data update completed
2023-07-27 19:42:45,295 - INFO - Data collected and upserted for AAPL
2023-07-27 19:42:45,779 - INFO - Data collected and upserted for GOOG
2023-07-27 19:42:46,112 - INFO - Data collected and upserted for AMZN
2023-07-27 19:43:33,434 - INFO - Data collected and upserted for AAPL
2023-07-27 19:43:33,814 - INFO - Data collected and upserted for GOOG
2023-07-27 19:43:34,191 - INFO - Data collected and upserted for AMZN
2023-07-27 19:44:18,231 - INFO - Data collected and upserted for AAPL
2023-07-27 19:44:18,701 - INFO - Data collected and upserted for GOOG
2023-07-27 19:44:19,062 - INFO - Data collected and upserted for AMZN
2023-07-27 19:46:18,955 - INFO - Data collected and upserted for AAPL
2023-07-27 19:46:19,304 - INFO - Data collected and upserted for GOOG
2023-07-27 19:46:19,696 - INFO - Data collected and upserted for AMZN
2023-07-27 19:46:20,120 - INFO - Data collected and upserted for AAPL
2023-07-27 19:46:20,420 - INFO - Data collected and upserted for GOOG
2023-07-27 19:46:20,737 - INFO - Data collected and upserted for AMZN
2023-07-27 19:46:20,737 - INFO - Data update completed
2023-07-27 19:46:26,215 - INFO - Data collected and upserted for AAPL
2023-07-27 19:46:26,549 - INFO - Data collected and upserted for GOOG
2023-07-27 19:46:26,817 - INFO - Data collected and upserted for AMZN
2023-07-27 19:46:26,818 - INFO - Data update completed
2023-07-27 19:46:32,289 - INFO - Data collected and upserted for AAPL
2023-07-27 19:46:32,683 - INFO - Data collected and upserted for GOOG
2023-07-27 19:46:33,028 - INFO - Data collected and upserted for AMZN
2023-07-27 19:46:33,028 - INFO - Data update completed
2023-07-27 19:46:38,516 - INFO - Data collected and upserted for AAPL
2023-07-27 19:46:38,891 - INFO - Data collected and upserted for GOOG
2023-07-27 19:46:39,237 - INFO - Data collected and upserted for AMZN
2023-07-27 19:46:39,237 - INFO - Data update completed
2023-07-28 17:22:15,782 - INFO - Data collected and upserted for AAPL
2023-07-28 17:22:16,143 - INFO - Data collected and upserted for GOOG
2023-07-28 17:22:16,447 - INFO - Data collected and upserted for AMZN
2023-07-28 17:27:24,934 - INFO - Data collected and upserted for AAPL
2023-07-28 17:27:25,219 - INFO - Data collected and upserted for GOOG
2023-07-28 17:27:25,520 - INFO - Data collected and upserted for AMZN
2023-07-28 17:29:19,551 - INFO - Data collected and upserted for AAPL
2023-07-28 17:29:19,870 - INFO - Data collected and upserted for GOOG
2023-07-28 17:29:20,168 - INFO - Data collected and upserted for AMZN
2023-07-28 17:29:29,413 - INFO - Data collected and upserted for AAPL
2023-07-28 17:29:29,716 - INFO - Data collected and upserted for GOOG
2023-07-28 17:29:30,016 - INFO - Data collected and upserted for AMZN
